<?xml version="1.0" encoding="UTF-8"?>
<!-- Generated by org.testng.reporters.JUnitXMLReporter -->
<testsuite hostname="IXBD4Y1B3" ignored="0" name="Default test" tests="3" failures="0" timestamp="2022-06-06T15:13:08 IST" time="4.322" errors="0">
  <testcase name="TC1_PutRequest_ExistingRequest" time="2.912" classname="APIDemoproject.APIDemoproject.PutAPIRequest"/>
  <testcase name="TC2_PutRequest_ModifiedRequest" time="0.707" classname="APIDemoproject.APIDemoproject.PutAPIRequest"/>
  <testcase name="TC3_PutRequest_NewRequest" time="0.673" classname="APIDemoproject.APIDemoproject.PutAPIRequest"/>
</testsuite> <!-- Default test -->
