<?xml version="1.0" encoding="UTF-8"?>
<!-- Generated by org.testng.reporters.JUnitXMLReporter -->
<testsuite hostname="IXBD4Y1B3" ignored="0" name="Test" tests="5" failures="0" timestamp="2022-06-08T11:25:07 IST" time="6.637" errors="0">
  <testcase name="TC1_PostMethod_ValidCredentials" time="2.993" classname="RestAssuredAPITesting.PostAPIRequest"/>
  <testcase name="GetMethodRequests" time="1.675" classname="RestAssuredAPITesting.GetAPIRequest"/>
  <testcase name="TC1_PutRequest_ExistingRequest" time="0.847" classname="RestAssuredAPITesting.PutAPIRequest"/>
  <testcase name="TC2_PutRequest_ModifiedRequest" time="0.505" classname="RestAssuredAPITesting.PutAPIRequest"/>
  <testcase name="TC3_PutRequest_NewRequest" time="0.582" classname="RestAssuredAPITesting.PutAPIRequest"/>
</testsuite> <!-- Test -->
